<?xml version="1.0" encoding="UTF-8"?>
<!-- Generated by org.testng.reporters.JUnitReportReporter -->
<testsuite hostname="ULTS-LAP512" failures="0" tests="2" name="InterviewTests.FugetronSruthi.APITest" time="6.832" errors="0" timestamp="2021-06-26T15:25:35 IST" skipped="0">
  <testcase classname="InterviewTests.FugetronSruthi.APITest" name="PostAPI" time="1.099"/>
  <system-out/>
  <testcase classname="InterviewTests.FugetronSruthi.APITest" name="GetAPI" time="5.733"/>
  <system-out/>
</testsuite> <!-- InterviewTests.FugetronSruthi.APITest -->
