<?xml version="1.0" encoding="UTF-8"?>
<!-- Generated by org.testng.reporters.JUnitReportReporter -->
<testsuite hostname="ULTS-LAP512" failures="0" tests="1" name="InterviewTests.FugetronSruthi.AmazonTest" time="31.215" errors="0" timestamp="2021-06-26T15:26:06 IST" skipped="0">
  <testcase classname="InterviewTests.FugetronSruthi.AmazonTest" name="TestAmazon" time="31.215"/>
  <system-out/>
</testsuite> <!-- InterviewTests.FugetronSruthi.AmazonTest -->
