<?xml version="1.0" encoding="UTF-8"?>
<!-- Generated by org.testng.reporters.JUnitReportReporter -->
<testsuite hostname="ULTS-LAP512" failures="0" tests="1" name="InterviewTests.FugetronSruthi.JDBCTest" time="0.094" errors="0" timestamp="2021-06-26T17:51:43 IST" skipped="0">
  <testcase classname="InterviewTests.FugetronSruthi.JDBCTest" name="JDBCsetUp" time="0.094"/>
  <system-out>
    <![CDATA[JDBC Connection established]]>
  </system-out>
</testsuite> <!-- InterviewTests.FugetronSruthi.JDBCTest -->
