<?xml version="1.0" encoding="UTF-8"?>
<!-- Generated by org.testng.reporters.JUnitReportReporter -->
<testsuite hostname="ULTS-LAP512" failures="0" tests="1" name="InterviewTests.FugetronSruthi.AmazonTest" time="30.960" errors="0" timestamp="2021-06-26T17:51:43 IST" skipped="0">
  <testcase classname="InterviewTests.FugetronSruthi.AmazonTest" name="TestAmazon" time="30.960"/>
  <system-out>
    <![CDATA[Validating Landing on Amazon music by getting the title of current page
Stream Music on Amazon Prime Music]]>
  </system-out>
</testsuite> <!-- InterviewTests.FugetronSruthi.AmazonTest -->
