<?xml version="1.0" encoding="UTF-8"?>
<!-- Generated by org.testng.reporters.JUnitReportReporter -->
<testsuite hostname="ULTS-LAP512" failures="0" tests="2" name="InterviewTests.FugetronSruthi.APITest" time="3.270" errors="0" timestamp="2021-06-26T17:51:43 IST" skipped="0">
  <testcase classname="InterviewTests.FugetronSruthi.APITest" name="GetAPI" time="2.260"/>
  <system-out>
    <![CDATA[RestAssured GET method executed]]>
  </system-out>
  <testcase classname="InterviewTests.FugetronSruthi.APITest" name="PostAPI" time="1.010"/>
  <system-out>
    <![CDATA[RestAssured POST method executed]]>
  </system-out>
</testsuite> <!-- InterviewTests.FugetronSruthi.APITest -->
