<?xml version="1.0" encoding="UTF-8"?>
<!-- Generated by org.testng.reporters.JUnitReportReporter -->
<testsuite hostname="ULTS-LAP512" failures="0" tests="1" name="InterviewTests.FugetronSruthi.AppTest" time="36.978" errors="0" timestamp="2021-06-25T23:41:23 IST" skipped="0">
  <testcase classname="InterviewTests.FugetronSruthi.AppTest" name="shouldAnswerWithTrue" time="36.978"/>
  <system-out/>
</testsuite> <!-- InterviewTests.FugetronSruthi.AppTest -->
